-----
preço
1.23
desconto
8.0
valor a pagar
1.13
valor do desconto
0.1
-----
preço
7.08
desconto
5.5
valor a pagar
6.69
valor do desconto
0.39
-----
preço
3.0
desconto
3.0
valor a pagar
2.91
valor do desconto
0.09
-----
preço
0.53
desconto
3.3
valor a pagar
0.51
valor do desconto
0.02
-----
preço
2.01
desconto
9.0
valor a pagar
1.83
valor do desconto
0.18
-----
preço
4.44
desconto
9.9
valor a pagar
4.0
valor do desconto
0.44
-----
preço
9.99
desconto
2.0
valor a pagar
9.79
valor do desconto
0.2
-----
preço
2.5
desconto
2.0
valor a pagar
2.45
valor do desconto
0.05
-----
preço
0.2
desconto
5.0
valor a pagar
0.19
valor do desconto
0.01
-----
preço
7.7
desconto
5.0
valor a pagar
7.32
valor do desconto
0.39
