[[0, 2, 0, 0, 0], [3, 0, 7, 0, 9], [1, 0, 5, 0, 1]]
linha = [0, 2, 0, 0, 0]
valor = 0
valor = 2
valor = 0
valor = 0
valor = 0
linha = [3, 0, 7, 0, 9]
valor = 3
valor = 0
valor = 7
valor = 0
valor = 9
linha = [1, 0, 5, 0, 1]
valor = 1
valor = 0
valor = 5
valor = 0
valor = 1

#############################
##### agora com índices #####
#############################

linha = [0, 2, 0, 0, 0]
valor = 0
valor = 2
valor = 0
valor = 0
valor = 0
linha = [3, 0, 7, 0, 9]
valor = 3
valor = 0
valor = 7
valor = 0
valor = 9
linha = [1, 0, 5, 0, 1]
valor = 1
valor = 0
valor = 5
valor = 0
valor = 1
