a executar o corpo do ciclo for
número de vezes =  1
preço = 97
a executar o corpo do ciclo for
número de vezes =  2
preço = 70
a executar o corpo do ciclo for
número de vezes =  3
preço = 15
a executar o corpo do ciclo for
número de vezes =  4
preço = 38
a executar o corpo do ciclo for
número de vezes =  5
preço = 92
a executar o corpo do ciclo for
número de vezes =  6
preço = 30
a executar o corpo do ciclo for
número de vezes =  7
preço = 86
a executar o corpo do ciclo for
número de vezes =  8
preço = 68
a executar o corpo do ciclo for
número de vezes =  9
preço = 6
a executar o corpo do ciclo for
número de vezes =  10
preço = 80
fim
80
